Arguments: 
  /usr/bin/node /usr/share/yarn/bin/yarn.js install

PATH: 
  /usr/local/sbin:/usr/local/bin:/usr/sbin:/usr/bin:/sbin:/bin:/usr/games:/usr/local/games:/mnt/c/Python27/:/mnt/c/Python27/Scripts:/mnt/c/Program Files (x86)/Common Files/Oracle/Java/javapath:/mnt/c/Program Files (x86)/Intel/Intel(R) Management Engine Components/iCLS/:/mnt/c/Program Files/Intel/Intel(R) Management Engine Components/iCLS/:/mnt/c/WINDOWS/system32:/mnt/c/WINDOWS:/mnt/c/WINDOWS/System32/Wbem:/mnt/c/WINDOWS/System32/WindowsPowerShell/v1.0/:/mnt/c/WINDOWS/System32/OpenSSH/:/mnt/c/Program Files (x86)/Intel/Intel(R) Management Engine Components/DAL:/mnt/c/Program Files/Intel/Intel(R) Management Engine Components/DAL:/mnt/c/Program Files (x86)/Intel/Intel(R) Management Engine Components/IPT:/mnt/c/Program Files/Intel/Intel(R) Management Engine Components/IPT:/mnt/c/Program Files (x86)/IBM/Client Access/Emulator:/mnt/c/Program Files (x86)/IBM/Client Access/Shared:/mnt/c/Program Files (x86)/IBM/Client Access/:/mnt/c/Program Files/Git LFS:/mnt/c/composer:/mnt/d/HashiCorp/Vagrant/bin:/mnt/d/Program Files/nodejs/:/mnt/c/ProgramData/chocolatey/bin:/mnt/c/Program Files (x86)/Yarn/bin/:/mnt/c/Program Files/TortoiseGit/bin:/mnt/c/Program Files/Git/cmd:/mnt/c/Users/sottanamarco/AppData/Local/Microsoft/WindowsApps:/mnt/c/Users/sottanamarco/AppData/Roaming/Composer/vendor/bin:/mnt/c/Users/sottanamarco/AppData/Roaming/npm:/mnt/c/Users/sottanamarco/AppData/Local/Programs/Microsoft VS Code/bin:/mnt/c/Users/sottanamarco/AppData/Local/Yarn/bin:/mnt/f/laragon/bin/php/php-7.4.8-Win32-vc15-x64:/mnt/f/laragon/bin/apache/httpd-2.4.35-win64-VC15/bin:/mnt/f/laragon/bin/mysql/mysql-5.7.24-winx64/bin:/snap/bin

Yarn version: 
  1.21.1

Node version: 
  12.16.1

Platform: 
  linux x64

Trace: 
  Error: EACCES: permission denied, unlink '/public_html/bc/.yarn-integrity'

npm manifest: 
  {
      "private": true,
      "scripts": {
          "dev": "npm run development",
          "development": "cross-env NODE_ENV=development node_modules/webpack/bin/webpack.js --progress --hide-modules --config=node_modules/laravel-mix/setup/webpack.config.js",
          "watch": "npm run development -- --watch",
          "watch-poll": "npm run watch -- --watch-poll",
          "hot": "cross-env NODE_ENV=development node_modules/webpack-dev-server/bin/webpack-dev-server.js --inline --hot --config=node_modules/laravel-mix/setup/webpack.config.js",
          "prod": "npm run production",
          "production": "cross-env NODE_ENV=production node_modules/webpack/bin/webpack.js --no-progress --hide-modules --config=node_modules/laravel-mix/setup/webpack.config.js"
      },
      "devDependencies": {
          "axios": "^0.19.0",
          "cross-env": "^6.0.3",
          "laravel-mix": "^4.0.7",
          "lodash": "^4.17.13",
          "resolve-url-loader": "^2.3.1",
          "sass": "^1.15.2",
          "sass-loader": "^7.1.0",
          "vue-template-compiler": "^2.6.10"
      },
      "dependencies": {
          "@babel/polyfill": "^7.6.0",
          "@fortawesome/fontawesome-free": "^5.11.2",
          "bootstrap": "^4.3.1",
          "dotenv": "^8.1.0",
          "flatpickr": "^4.6.3",
          "glyphicons-halflings": "^1.9.1",
          "jquery": "^3.4.1",
          "jquery.easing": "^1.4.1",
          "laravel-mix-polyfill": "^1.1.0",
          "magnific-popup": "^1.1.0",
          "moment": "^2.24.0",
          "multiselect-two-sides": "^2.5.5",
          "popper.js": "^1.15.0",
          "startbootstrap-sb-admin-2": "^4.0.7",
          "sweetalert2": "^8.18.3",
          "typeahead.js": "^0.11.1",
          "vue": "^2.6.10",
          "vue-cookie-law": "^1.10.0",
          "vuetify": "^2.1.3"
      }
  }

yarn manifest: 
  No manifest

Lockfile: 
  No lockfile
